2024/10/16 16:45:54 Error: Expected response to be successful, got 422
    at Request.handleFailure [as _handleFailure] (/data/data/com.termux/files/usr/lib/node_modules/heroku/node_modules/heroku-client/lib/request.js:255:11)
    at Request.<anonymous> (/data/data/com.termux/files/usr/lib/node_modules/heroku/node_modules/heroku-cli-util/lib/command.js:56:12)
    at /data/data/com.termux/files/usr/lib/node_modules/heroku/node_modules/heroku-client/lib/request.js:148:16
    at process.processTicksAndRejections (node:internal/process/task_queues:105:5)
2024/10/16 16:45:54 {"id":"verification_required","message":"To create an app, verify your account by adding payment information. Verify now at https://heroku.com/verify Learn more at https://devcenter.heroku.com/articles/account-verification "}
2024/10/16 17:38:06 Error: Expected response to be successful, got 422
    at Request.handleFailure [as _handleFailure] (/data/data/com.termux/files/usr/lib/node_modules/heroku/node_modules/heroku-client/lib/request.js:255:11)
    at Request.<anonymous> (/data/data/com.termux/files/usr/lib/node_modules/heroku/node_modules/heroku-cli-util/lib/command.js:56:12)
    at /data/data/com.termux/files/usr/lib/node_modules/heroku/node_modules/heroku-client/lib/request.js:148:16
    at process.processTicksAndRejections (node:internal/process/task_queues:105:5)
2024/10/16 17:38:06 {"id":"verification_required","message":"To create an app, verify your account by adding payment information. Verify now at https://heroku.com/verify Learn more at https://devcenter.heroku.com/articles/account-verification "}
2024/10/16 17:46:26 Error: Expected response to be successful, got 422
    at Request.handleFailure [as _handleFailure] (/data/data/com.termux/files/usr/lib/node_modules/heroku/node_modules/heroku-client/lib/request.js:255:11)
    at Request.<anonymous> (/data/data/com.termux/files/usr/lib/node_modules/heroku/node_modules/heroku-cli-util/lib/command.js:56:12)
    at /data/data/com.termux/files/usr/lib/node_modules/heroku/node_modules/heroku-client/lib/request.js:148:16
    at process.processTicksAndRejections (node:internal/process/task_queues:105:5)
2024/10/16 17:46:26 {"id":"verification_required","message":"To create an app, verify your account by adding payment information. Verify now at https://heroku.com/verify Learn more at https://devcenter.heroku.com/articles/account-verification "}
2024/10/16 17:52:33 Error: Expected response to be successful, got 422
    at Request.handleFailure [as _handleFailure] (/data/data/com.termux/files/usr/lib/node_modules/heroku/node_modules/heroku-client/lib/request.js:255:11)
    at Request.<anonymous> (/data/data/com.termux/files/usr/lib/node_modules/heroku/node_modules/heroku-cli-util/lib/command.js:56:12)
    at /data/data/com.termux/files/usr/lib/node_modules/heroku/node_modules/heroku-client/lib/request.js:148:16
    at process.processTicksAndRejections (node:internal/process/task_queues:105:5)
2024/10/16 17:52:33 {"id":"verification_required","message":"To create an app, verify your account by adding payment information. Verify now at https://heroku.com/verify Learn more at https://devcenter.heroku.com/articles/account-verification "}
